<?xml version="1.0" encoding="UTF-8"?>
<testng-results ignored="0" total="1" passed="1" failed="0" skipped="0">
  <reporter-output>
  </reporter-output>
  <suite started-at="2025-01-22T15:28:47 IST" name="Default suite" finished-at="2025-01-22T15:28:54 IST" duration-ms="6382">
    <groups>
    </groups>
    <test started-at="2025-01-22T15:28:47 IST" name="Default test" finished-at="2025-01-22T15:28:54 IST" duration-ms="6382">
      <class name="extentReports.AssignScreenshot">
        <test-method signature="screenshotAssign()[pri:0, instance:extentReports.AssignScreenshot@26e356f0]" started-at="2025-01-22T15:28:47 IST" name="screenshotAssign" finished-at="2025-01-22T15:28:54 IST" duration-ms="6339" status="PASS">
          <reporter-output>
          </reporter-output>
        </test-method> <!-- screenshotAssign -->
      </class> <!-- extentReports.AssignScreenshot -->
    </test> <!-- Default test -->
  </suite> <!-- Default suite -->
</testng-results>
